This is pdfTeX, Version 3.141592653-2.6-1.40.24 (MiKTeX 22.3) (preloaded format=pdflatex 2022.6.18)  15 SEP 2022 09:52
entering extended mode
 restricted \write18 enabled.
 %&-line parsing enabled.
**./DSP2-Proyecto_final-Ezequiel_Cordoba.tex
(DSP2-Proyecto_final-Ezequiel_Cordoba.tex
LaTeX2e <2021-11-15> patch level 1
L3 programming layer <2022-04-10>
(C:\Users\EZE\AppData\Local\Programs\MiKTeX\tex/latex/base\article.cls
Document Class: article 2021/10/04 v1.4n Standard LaTeX document class
(C:\Users\EZE\AppData\Local\Programs\MiKTeX\tex/latex/base\size11.clo
File: size11.clo 2021/10/04 v1.4n Standard LaTeX file (size option)
)
\c@part=\count185
\c@section=\count186
\c@subsection=\count187
\c@subsubsection=\count188
\c@paragraph=\count189
\c@subparagraph=\count190
\c@figure=\count191
\c@table=\count192
\abovecaptionskip=\skip47
\belowcaptionskip=\skip48
\bibindent=\dimen138
)
(C:\Users\EZE\AppData\Local\Programs\MiKTeX\tex/latex/base\inputenc.sty
Package: inputenc 2021/02/14 v1.3d Input encoding file
\inpenc@prehook=\toks16
\inpenc@posthook=\toks17
)
(C:\Users\EZE\AppData\Local\Programs\MiKTeX\tex/latex/amsmath\amsmath.sty
Package: amsmath 2021/10/15 v2.17l AMS math features
\@mathmargin=\skip49

For additional information on amsmath, use the `?' option.
(C:\Users\EZE\AppData\Local\Programs\MiKTeX\tex/latex/amsmath\amstext.sty
Package: amstext 2021/08/26 v2.01 AMS text

(C:\Users\EZE\AppData\Local\Programs\MiKTeX\tex/latex/amsmath\amsgen.sty
File: amsgen.sty 1999/11/30 v2.0 generic functions
\@emptytoks=\toks18
\ex@=\dimen139
))
(C:\Users\EZE\AppData\Local\Programs\MiKTeX\tex/latex/amsmath\amsbsy.sty
Package: amsbsy 1999/11/29 v1.2d Bold Symbols
\pmbraise@=\dimen140
)
(C:\Users\EZE\AppData\Local\Programs\MiKTeX\tex/latex/amsmath\amsopn.sty
Package: amsopn 2021/08/26 v2.02 operator names
)
\inf@bad=\count193
LaTeX Info: Redefining \frac on input line 234.
\uproot@=\count194
\leftroot@=\count195
LaTeX Info: Redefining \overline on input line 399.
\classnum@=\count196
\DOTSCASE@=\count197
LaTeX Info: Redefining \ldots on input line 496.
LaTeX Info: Redefining \dots on input line 499.
LaTeX Info: Redefining \cdots on input line 620.
\Mathstrutbox@=\box50
\strutbox@=\box51
\big@size=\dimen141
LaTeX Font Info:    Redeclaring font encoding OML on input line 743.
LaTeX Font Info:    Redeclaring font encoding OMS on input line 744.
\macc@depth=\count198
\c@MaxMatrixCols=\count199
\dotsspace@=\muskip16
\c@parentequation=\count266
\dspbrk@lvl=\count267
\tag@help=\toks19
\row@=\count268
\column@=\count269
\maxfields@=\count270
\andhelp@=\toks20
\eqnshift@=\dimen142
\alignsep@=\dimen143
\tagshift@=\dimen144
\tagwidth@=\dimen145
\totwidth@=\dimen146
\lineht@=\dimen147
\@envbody=\toks21
\multlinegap=\skip50
\multlinetaggap=\skip51
\mathdisplay@stack=\toks22
LaTeX Info: Redefining \[ on input line 2938.
LaTeX Info: Redefining \] on input line 2939.
)
(C:\Users\EZE\AppData\Local\Programs\MiKTeX\tex/latex/amsfonts\amsfonts.sty
Package: amsfonts 2013/01/14 v3.01 Basic AMSFonts support
\symAMSa=\mathgroup4
\symAMSb=\mathgroup5
LaTeX Font Info:    Redeclaring math symbol \hbar on input line 98.
LaTeX Font Info:    Overwriting math alphabet `\mathfrak' in version `bold'
(Font)                  U/euf/m/n --> U/euf/b/n on input line 106.
)
(C:\Users\EZE\AppData\Local\Programs\MiKTeX\tex/latex/amsfonts\amssymb.sty
Package: amssymb 2013/01/14 v3.01 AMS font symbols
)
(C:\Users\EZE\AppData\Local\Programs\MiKTeX\tex/generic/babel\babel.sty
Package: babel 2022/02/26 3.73 The Babel package
\babel@savecnt=\count271
\U@D=\dimen148
\l@unhyphenated=\language79

(C:\Users\EZE\AppData\Local\Programs\MiKTeX\tex/generic/babel\txtbabel.def)
\bbl@readstream=\read2
\bbl@dirlevel=\count272

*************************************
* Local config file bblopts.cfg used
*
(C:\Users\EZE\AppData\Local\Programs\MiKTeX\tex/latex/arabi\bblopts.cfg
File: bblopts.cfg 2005/09/08 v0.1 add Arabic and Farsi to "declared" options of
 babel
)
(C:\Users\EZE\AppData\Local\Programs\MiKTeX\tex/latex/babel-spanish\spanish.ldf
Language: spanish.ldf 2021/05/27 v5.0q Spanish support from the babel system
\es@quottoks=\toks23
\es@quotdepth=\count273
Package babel Info: Making " an active character on input line 570.
Package babel Info: Making . an active character on input line 675.
Package babel Info: Making < an active character on input line 722.
Package babel Info: Making > an active character on input line 722.
)) (C:\Users\EZE\AppData\Local\Programs\MiKTeX\tex/latex/xcolor\xcolor.sty
Package: xcolor 2021/10/31 v2.13 LaTeX color extensions (UK)

(C:\Users\EZE\AppData\Local\Programs\MiKTeX\tex/latex/graphics-cfg\color.cfg
File: color.cfg 2016/01/02 v1.6 sample color configuration
)
Package xcolor Info: Package option `usenames' ignored on input line 218.
Package xcolor Info: Driver file: pdftex.def on input line 227.

(C:\Users\EZE\AppData\Local\Programs\MiKTeX\tex/latex/graphics-def\pdftex.def
File: pdftex.def 2020/10/05 v1.2a Graphics/color driver for pdftex
)
(C:\Users\EZE\AppData\Local\Programs\MiKTeX\tex/latex/colortbl\colortbl.sty
Package: colortbl 2020/01/04 v1.0e Color table columns (DPC)

(C:\Users\EZE\AppData\Local\Programs\MiKTeX\tex/latex/tools\array.sty
Package: array 2021/10/04 v2.5f Tabular extension package (FMi)
\col@sep=\dimen149
\ar@mcellbox=\box52
\extrarowheight=\dimen150
\NC@list=\toks24
\extratabsurround=\skip52
\backup@length=\skip53
\ar@cellbox=\box53
)
\everycr=\toks25
\minrowclearance=\skip54
)
\rownum=\count274
Package xcolor Info: Model `cmy' substituted by `cmy0' on input line 1352.
Package xcolor Info: Model `hsb' substituted by `rgb' on input line 1356.
Package xcolor Info: Model `RGB' extended on input line 1368.
Package xcolor Info: Model `HTML' substituted by `rgb' on input line 1370.
Package xcolor Info: Model `Hsb' substituted by `hsb' on input line 1371.
Package xcolor Info: Model `tHsb' substituted by `hsb' on input line 1372.
Package xcolor Info: Model `HSB' substituted by `hsb' on input line 1373.
Package xcolor Info: Model `Gray' substituted by `gray' on input line 1374.
Package xcolor Info: Model `wave' substituted by `hsb' on input line 1375.

(C:\Users\EZE\AppData\Local\Programs\MiKTeX\tex/latex/graphics\dvipsnam.def
File: dvipsnam.def 2016/06/17 v3.0m Driver-dependent file (DPC,SPQR)
)
(C:\Users\EZE\AppData\Local\Programs\MiKTeX\tex/latex/xcolor\svgnam.def
File: svgnam.def 2021/10/31 v2.13 Predefined colors according to SVG 1.1 (UK)
))
(C:\Users\EZE\AppData\Local\Programs\MiKTeX\tex/latex/graphics\graphicx.sty
Package: graphicx 2021/09/16 v1.2d Enhanced LaTeX Graphics (DPC,SPQR)

(C:\Users\EZE\AppData\Local\Programs\MiKTeX\tex/latex/graphics\keyval.sty
Package: keyval 2014/10/28 v1.15 key=value parser (DPC)
\KV@toks@=\toks26
)
(C:\Users\EZE\AppData\Local\Programs\MiKTeX\tex/latex/graphics\graphics.sty
Package: graphics 2021/03/04 v1.4d Standard LaTeX Graphics (DPC,SPQR)

(C:\Users\EZE\AppData\Local\Programs\MiKTeX\tex/latex/graphics\trig.sty
Package: trig 2021/08/11 v1.11 sin cos tan (DPC)
)
(C:\Users\EZE\AppData\Local\Programs\MiKTeX\tex/latex/graphics-cfg\graphics.cfg
File: graphics.cfg 2016/06/04 v1.11 sample graphics configuration
)
Package graphics Info: Driver file: pdftex.def on input line 107.
)
\Gin@req@height=\dimen151
\Gin@req@width=\dimen152
) (C:\Users\EZE\AppData\Local\Programs\MiKTeX\tex/latex/setspace\setspace.sty
Package: setspace 2011/12/19 v6.7a set line spacing
) (C:\Users\EZE\AppData\Local\Programs\MiKTeX\tex/latex/tools\enumerate.sty
Package: enumerate 2015/07/23 v3.00 enumerate extensions (DPC)
\@enLab=\toks27
)
(C:\Users\EZE\AppData\Local\Programs\MiKTeX\tex/latex/ragged2e\ragged2e.sty
Package: ragged2e 2021/12/15 v3.1 ragged2e Package
\CenteringLeftskip=\skip55
\RaggedLeftLeftskip=\skip56
\RaggedRightLeftskip=\skip57
\CenteringRightskip=\skip58
\RaggedLeftRightskip=\skip59
\RaggedRightRightskip=\skip60
\CenteringParfillskip=\skip61
\RaggedLeftParfillskip=\skip62
\RaggedRightParfillskip=\skip63
\JustifyingParfillskip=\skip64
\CenteringParindent=\skip65
\RaggedLeftParindent=\skip66
\RaggedRightParindent=\skip67
\JustifyingParindent=\skip68
)
(C:\Users\EZE\AppData\Local\Programs\MiKTeX\tex/latex/caption\caption.sty
Package: caption 2022/03/01 v3.6b Customizing captions (AR)

(C:\Users\EZE\AppData\Local\Programs\MiKTeX\tex/latex/caption\caption3.sty
Package: caption3 2022/03/17 v2.3b caption3 kernel (AR)
\caption@tempdima=\dimen153
\captionmargin=\dimen154
\caption@leftmargin=\dimen155
\caption@rightmargin=\dimen156
\caption@width=\dimen157
\caption@indent=\dimen158
\caption@parindent=\dimen159
\caption@hangindent=\dimen160
Package caption Info: Standard document class detected.
)
\c@caption@flags=\count275
\c@continuedfloat=\count276
)
(C:\Users\EZE\AppData\Local\Programs\MiKTeX\tex/latex/hyperref\hyperref.sty
Package: hyperref 2022-02-21 v7.00n Hypertext links for LaTeX

(C:\Users\EZE\AppData\Local\Programs\MiKTeX\tex/generic/ltxcmds\ltxcmds.sty
Package: ltxcmds 2020-05-10 v1.25 LaTeX kernel commands for general use (HO)
)
(C:\Users\EZE\AppData\Local\Programs\MiKTeX\tex/generic/iftex\iftex.sty
Package: iftex 2022/02/03 v1.0f TeX engine tests
)
(C:\Users\EZE\AppData\Local\Programs\MiKTeX\tex/generic/pdftexcmds\pdftexcmds.s
ty
Package: pdftexcmds 2020-06-27 v0.33 Utility functions of pdfTeX for LuaTeX (HO
)

(C:\Users\EZE\AppData\Local\Programs\MiKTeX\tex/generic/infwarerr\infwarerr.sty
Package: infwarerr 2019/12/03 v1.5 Providing info/warning/error messages (HO)
)
Package pdftexcmds Info: \pdf@primitive is available.
Package pdftexcmds Info: \pdf@ifprimitive is available.
Package pdftexcmds Info: \pdfdraftmode found.
)
(C:\Users\EZE\AppData\Local\Programs\MiKTeX\tex/generic/kvsetkeys\kvsetkeys.sty
Package: kvsetkeys 2019/12/15 v1.18 Key value parser (HO)
)
(C:\Users\EZE\AppData\Local\Programs\MiKTeX\tex/generic/kvdefinekeys\kvdefineke
ys.sty
Package: kvdefinekeys 2019-12-19 v1.6 Define keys (HO)
)
(C:\Users\EZE\AppData\Local\Programs\MiKTeX\tex/generic/pdfescape\pdfescape.sty
Package: pdfescape 2019/12/09 v1.15 Implements pdfTeX's escape features (HO)
) (C:\Users\EZE\AppData\Local\Programs\MiKTeX\tex/latex/hycolor\hycolor.sty
Package: hycolor 2020-01-27 v1.10 Color options for hyperref/bookmark (HO)
)
(C:\Users\EZE\AppData\Local\Programs\MiKTeX\tex/latex/letltxmacro\letltxmacro.s
ty
Package: letltxmacro 2019/12/03 v1.6 Let assignment for LaTeX macros (HO)
) (C:\Users\EZE\AppData\Local\Programs\MiKTeX\tex/latex/auxhook\auxhook.sty
Package: auxhook 2019-12-17 v1.6 Hooks for auxiliary files (HO)
)
(C:\Users\EZE\AppData\Local\Programs\MiKTeX\tex/latex/kvoptions\kvoptions.sty
Package: kvoptions 2020-10-07 v3.14 Key value format for package options (HO)
)
\@linkdim=\dimen161
\Hy@linkcounter=\count277
\Hy@pagecounter=\count278

(C:\Users\EZE\AppData\Local\Programs\MiKTeX\tex/latex/hyperref\pd1enc.def
File: pd1enc.def 2022-02-21 v7.00n Hyperref: PDFDocEncoding definition (HO)
Now handling font encoding PD1 ...
... no UTF-8 mapping file for font encoding PD1
)
(C:\Users\EZE\AppData\Local\Programs\MiKTeX\tex/generic/intcalc\intcalc.sty
Package: intcalc 2019/12/15 v1.3 Expandable calculations with integers (HO)
)
(C:\Users\EZE\AppData\Local\Programs\MiKTeX\tex/generic/etexcmds\etexcmds.sty
Package: etexcmds 2019/12/15 v1.7 Avoid name clashes with e-TeX commands (HO)
)
\Hy@SavedSpaceFactor=\count279

(C:\Users\EZE\AppData\Local\Programs\MiKTeX\tex/latex/hyperref\puenc.def
File: puenc.def 2022-02-21 v7.00n Hyperref: PDF Unicode definition (HO)
Now handling font encoding PU ...
... no UTF-8 mapping file for font encoding PU
)
Package hyperref Info: Option `bookmarks' set `true' on input line 4018.
Package hyperref Info: Option `colorlinks' set `true' on input line 4018.
Package hyperref Info: Hyper figures OFF on input line 4137.
Package hyperref Info: Link nesting OFF on input line 4142.
Package hyperref Info: Hyper index ON on input line 4145.
Package hyperref Info: Plain pages OFF on input line 4152.
Package hyperref Info: Backreferencing OFF on input line 4157.
Package hyperref Info: Implicit mode ON; LaTeX internals redefined.
Package hyperref Info: Bookmarks ON on input line 4390.
\c@Hy@tempcnt=\count280

(C:\Users\EZE\AppData\Local\Programs\MiKTeX\tex/latex/url\url.sty
\Urlmuskip=\muskip17
Package: url 2013/09/16  ver 3.4  Verb mode for urls, etc.
)
LaTeX Info: Redefining \url on input line 4749.
\XeTeXLinkMargin=\dimen162

(C:\Users\EZE\AppData\Local\Programs\MiKTeX\tex/generic/bitset\bitset.sty
Package: bitset 2019/12/09 v1.3 Handle bit-vector datatype (HO)

(C:\Users\EZE\AppData\Local\Programs\MiKTeX\tex/generic/bigintcalc\bigintcalc.s
ty
Package: bigintcalc 2019/12/15 v1.5 Expandable calculations on big integers (HO
)
))
\Fld@menulength=\count281
\Field@Width=\dimen163
\Fld@charsize=\dimen164
Package hyperref Info: Hyper figures OFF on input line 6027.
Package hyperref Info: Link nesting OFF on input line 6032.
Package hyperref Info: Hyper index ON on input line 6035.
Package hyperref Info: backreferencing OFF on input line 6042.
Package hyperref Info: Link coloring ON on input line 6045.
Package hyperref Info: Link coloring with OCG OFF on input line 6052.
Package hyperref Info: PDF/A mode OFF on input line 6057.
LaTeX Info: Redefining \ref on input line 6097.
LaTeX Info: Redefining \pageref on input line 6101.

(C:\Users\EZE\AppData\Local\Programs\MiKTeX\tex/latex/base\atbegshi-ltx.sty
Package: atbegshi-ltx 2021/01/10 v1.0c Emulation of the original atbegshi
package with kernel methods
)
\Hy@abspage=\count282
\c@Item=\count283
\c@Hfootnote=\count284
)
Package hyperref Info: Driver (autodetected): hpdftex.

(C:\Users\EZE\AppData\Local\Programs\MiKTeX\tex/latex/hyperref\hpdftex.def
File: hpdftex.def 2022-02-21 v7.00n Hyperref driver for pdfTeX

(C:\Users\EZE\AppData\Local\Programs\MiKTeX\tex/latex/base\atveryend-ltx.sty
Package: atveryend-ltx 2020/08/19 v1.0a Emulation of the original atveryend pac
kage
with kernel methods
)
\Fld@listcount=\count285
\c@bookmark@seq@number=\count286

(C:\Users\EZE\AppData\Local\Programs\MiKTeX\tex/latex/rerunfilecheck\rerunfilec
heck.sty
Package: rerunfilecheck 2019/12/05 v1.9 Rerun checks for auxiliary files (HO)

(C:\Users\EZE\AppData\Local\Programs\MiKTeX\tex/generic/uniquecounter\uniquecou
nter.sty
Package: uniquecounter 2019/12/15 v1.4 Provide unlimited unique counter (HO)
)
Package uniquecounter Info: New unique counter `rerunfilecheck' on input line 2
86.
)
\Hy@SectionHShift=\skip69
)
(C:\Users\EZE\AppData\Local\Programs\MiKTeX\tex/latex/tools\indentfirst.sty
Package: indentfirst 1995/11/23 v1.03 Indent first paragraph (DPC)
)
(C:\Users\EZE\AppData\Local\Programs\MiKTeX\tex/latex/caption\subcaption.sty
Package: subcaption 2022/01/07 v1.5 Sub-captions (AR)
\c@subfigure=\count287
\c@subtable=\count288
)
(C:\Users\EZE\AppData\Local\Programs\MiKTeX\tex/latex/pdfpages\pdfpages.sty
Package: pdfpages 2022/01/29 v0.5u Insert pages of external PDF documents (AM)

(C:\Users\EZE\AppData\Local\Programs\MiKTeX\tex/latex/base\ifthen.sty
Package: ifthen 2020/11/24 v1.1c Standard LaTeX ifthen package (DPC)
)
(C:\Users\EZE\AppData\Local\Programs\MiKTeX\tex/latex/tools\calc.sty
Package: calc 2017/05/25 v4.3 Infix arithmetic (KKT,FJ)
\calc@Acount=\count289
\calc@Bcount=\count290
\calc@Adimen=\dimen165
\calc@Bdimen=\dimen166
\calc@Askip=\skip70
\calc@Bskip=\skip71
LaTeX Info: Redefining \setlength on input line 80.
LaTeX Info: Redefining \addtolength on input line 81.
\calc@Ccount=\count291
\calc@Cskip=\skip72
)
(C:\Users\EZE\AppData\Local\Programs\MiKTeX\tex/latex/eso-pic\eso-pic.sty
Package: eso-pic 2020/10/14 v3.0a eso-pic (RN)
\ESO@tempdima=\dimen167
\ESO@tempdimb=\dimen168
)
\AM@pagewidth=\dimen169
\AM@pageheight=\dimen170
\AM@fboxrule=\dimen171

(C:\Users\EZE\AppData\Local\Programs\MiKTeX\tex/latex/pdfpages\pppdftex.def
File: pppdftex.def 2022/01/29 v0.5u Pdfpages driver for pdfTeX (AM)
)
\pdfpages@includegraphics@status=\count292
\AM@pagebox=\box54
\AM@global@opts=\toks28
\AM@pagecnt=\count293
\AM@toc@title=\toks29
\c@AM@survey=\count294
\AM@templatesizebox=\box55
)
(C:\Users\EZE\AppData\Local\Programs\MiKTeX\tex/latex/geometry\geometry.sty
Package: geometry 2020/01/02 v5.9 Page Geometry

(C:\Users\EZE\AppData\Local\Programs\MiKTeX\tex/generic/iftex\ifvtex.sty
Package: ifvtex 2019/10/25 v1.7 ifvtex legacy package. Use iftex instead.
)
\Gm@cnth=\count295
\Gm@cntv=\count296
\c@Gm@tempcnt=\count297
\Gm@bindingoffset=\dimen172
\Gm@wd@mp=\dimen173
\Gm@odd@mp=\dimen174
\Gm@even@mp=\dimen175
\Gm@layoutwidth=\dimen176
\Gm@layoutheight=\dimen177
\Gm@layouthoffset=\dimen178
\Gm@layoutvoffset=\dimen179
\Gm@dimlist=\toks30

(C:\Users\EZE\AppData\Local\Programs\MiKTeX\tex/latex/geometry\geometry.cfg))
(C:\Users\EZE\AppData\Local\Programs\MiKTeX\tex/latex/fancyhdr\fancyhdr.sty
Package: fancyhdr 2021/01/28 v4.0.1 Extensive control of page headers and foote
rs
\f@nch@headwidth=\skip73
\f@nch@O@elh=\skip74
\f@nch@O@erh=\skip75
\f@nch@O@olh=\skip76
\f@nch@O@orh=\skip77
\f@nch@O@elf=\skip78
\f@nch@O@erf=\skip79
\f@nch@O@olf=\skip80
\f@nch@O@orf=\skip81
)
(C:\Users\EZE\AppData\Local\Programs\MiKTeX\tex/latex/listings\listings.sty
\lst@mode=\count298
\lst@gtempboxa=\box56
\lst@token=\toks31
\lst@length=\count299
\lst@currlwidth=\dimen180
\lst@column=\count300
\lst@pos=\count301
\lst@lostspace=\dimen181
\lst@width=\dimen182
\lst@newlines=\count302
\lst@lineno=\count303
\lst@maxwidth=\dimen183

(C:\Users\EZE\AppData\Local\Programs\MiKTeX\tex/latex/listings\lstmisc.sty
File: lstmisc.sty 2020/03/24 1.8d (Carsten Heinz)
\c@lstnumber=\count304
\lst@skipnumbers=\count305
\lst@framebox=\box57
)
(C:\Users\EZE\AppData\Local\Programs\MiKTeX\tex/latex/listings\listings.cfg
File: listings.cfg 2020/03/24 1.8d listings configuration
))
Package: listings 2020/03/24 1.8d (Carsten Heinz)

(C:\Users\EZE\AppData\Local\Programs\MiKTeX\tex/latex/tools\tabularx.sty
Package: tabularx 2020/01/15 v2.11c `tabularx' package (DPC)
\TX@col@width=\dimen184
\TX@old@table=\dimen185
\TX@old@col=\dimen186
\TX@target=\dimen187
\TX@delta=\dimen188
\TX@cols=\count306
\TX@ftn=\toks32
)
(C:\Users\EZE\AppData\Local\Programs\MiKTeX\tex/latex/was\upgreek.sty
Package: upgreek 2003/02/12 v2.0 (WaS)
Package upgreek Info: Using Euler Roman for upright Greek on input line 31.
\symugrf@m=\mathgroup6
LaTeX Font Info:    Overwriting symbol font `ugrf@m' in version `bold'
(Font)                  U/eur/m/n --> U/eur/b/n on input line 38.
)
(C:\Users\EZE\AppData\Local\Programs\MiKTeX\tex/latex/multirow\multirow.sty
Package: multirow 2021/03/15 v2.8 Span multiple rows of a table
\multirow@colwidth=\skip82
\multirow@cntb=\count307
\multirow@dima=\skip83
\bigstrutjot=\dimen189
)
(C:\Users\EZE\AppData\Local\Programs\MiKTeX\tex/latex/tools\longtable.sty
Package: longtable 2021-09-01 v4.17 Multi-page Table package (DPC)
\LTleft=\skip84
\LTright=\skip85
\LTpre=\skip86
\LTpost=\skip87
\LTchunksize=\count308
\LTcapwidth=\dimen190
\LT@head=\box58
\LT@firsthead=\box59
\LT@foot=\box60
\LT@lastfoot=\box61
\LT@gbox=\box62
\LT@cols=\count309
\LT@rows=\count310
\c@LT@tables=\count311
\c@LT@chunks=\count312
\LT@p@ftn=\toks33
)
(C:\Users\EZE\AppData\Local\Programs\MiKTeX\tex/latex/tablefootnote\tablefootno
te.sty
Package: tablefootnote 2014/01/26 v1.1c Table foot notes (HMM)

(C:\Users\EZE\AppData\Local\Programs\MiKTeX\tex/latex/xifthen\xifthen.sty
Package: xifthen 2015/11/05 v1.4.0 Extended ifthen features

(C:\Users\EZE\AppData\Local\Programs\MiKTeX\tex/latex/ifmtarg\ifmtarg.sty
Package: ifmtarg 2018/04/16 v1.2b check for an empty argument
))
(C:\Users\EZE\AppData\Local\Programs\MiKTeX\tex/latex/etoolbox\etoolbox.sty
Package: etoolbox 2020/10/05 v2.5k e-TeX tools for LaTeX (JAW)
\etb@tempcnta=\count313
))
(C:\Users\EZE\AppData\Local\Programs\MiKTeX\tex/latex/matlab-prettifier\matlab-
prettifier.sty
Package: matlab-prettifier 2014/06/19 v0.3 A package for prettyprinting Matlab 
source code

(C:\Users\EZE\AppData\Local\Programs\MiKTeX\tex/latex/base\textcomp.sty
Package: textcomp 2020/02/02 v2.0n Standard LaTeX package
)
\netBracketCount@mlpr=\count314
\blkLvl@mlpr=\count315
\blkLvlAtClassdef@mlpr=\count316
\emHeight@mlpr=\skip88
\jayDepth@mlpr=\skip89
\sectionRuleOffset@mlpr=\skip90
\toks@mlpr=\toks34
)
(C:\Users\EZE\AppData\Local\Programs\MiKTeX\tex/latex/appendix\appendix.sty
Package: appendix 2020/02/08 v1.2c extra appendix facilities
\c@@pps=\count317
\c@@ppsavesec=\count318
\c@@ppsaveapp=\count319
)
(C:\Users\EZE\AppData\Local\Programs\MiKTeX\tex/latex/enumitem\enumitem.sty
Package: enumitem 2019/06/20 v3.9 Customized lists
\labelindent=\skip91
\enit@outerparindent=\dimen191
\enit@toks=\toks35
\enit@inbox=\box63
\enit@count@id=\count320
\enitdp@description=\count321
)
(C:\Users\EZE\AppData\Local\Programs\MiKTeX\tex/latex/l3backend\l3backend-pdfte
x.def
File: l3backend-pdftex.def 2022-04-14 L3 backend support: PDF output (pdfTeX)
\l__color_backend_stack_int=\count322
\l__pdf_internal_box=\box64
) (DSP2-Proyecto_final-Ezequiel_Cordoba.aux
LaTeX Info: Redefining \. on input line 25.
LaTeX Info: Redefining \% on input line 25.


LaTeX Warning: Label `fig:robot' multiply defined.


LaTeX Warning: Label `fig:seguidor_brusco' multiply defined.

)
\openout1 = `DSP2-Proyecto_final-Ezequiel_Cordoba.aux'.

LaTeX Font Info:    Checking defaults for OML/cmm/m/it on input line 127.
LaTeX Font Info:    ... okay on input line 127.
LaTeX Font Info:    Checking defaults for OMS/cmsy/m/n on input line 127.
LaTeX Font Info:    ... okay on input line 127.
LaTeX Font Info:    Checking defaults for OT1/cmr/m/n on input line 127.
LaTeX Font Info:    ... okay on input line 127.
LaTeX Font Info:    Checking defaults for T1/cmr/m/n on input line 127.
LaTeX Font Info:    ... okay on input line 127.
LaTeX Font Info:    Checking defaults for TS1/cmr/m/n on input line 127.
LaTeX Font Info:    ... okay on input line 127.
LaTeX Font Info:    Checking defaults for OMX/cmex/m/n on input line 127.
LaTeX Font Info:    ... okay on input line 127.
LaTeX Font Info:    Checking defaults for U/cmr/m/n on input line 127.
LaTeX Font Info:    ... okay on input line 127.
LaTeX Font Info:    Checking defaults for PD1/pdf/m/n on input line 127.
LaTeX Font Info:    ... okay on input line 127.
LaTeX Font Info:    Checking defaults for PU/pdf/m/n on input line 127.
LaTeX Font Info:    ... okay on input line 127.
LaTeX Info: Redefining \. on input line 127.
LaTeX Info: Redefining \% on input line 127.

(C:\Users\EZE\AppData\Local\Programs\MiKTeX\tex/context/base/mkii\supp-pdf.mkii
[Loading MPS to PDF converter (version 2006.09.02).]
\scratchcounter=\count323
\scratchdimen=\dimen192
\scratchbox=\box65
\nofMPsegments=\count324
\nofMParguments=\count325
\everyMPshowfont=\toks36
\MPscratchCnt=\count326
\MPscratchDim=\dimen193
\MPnumerator=\count327
\makeMPintoPDFobject=\count328
\everyMPtoPDFconversion=\toks37
)
(C:\Users\EZE\AppData\Local\Programs\MiKTeX\tex/latex/epstopdf-pkg\epstopdf-bas
e.sty
Package: epstopdf-base 2020-01-24 v2.11 Base part for package epstopdf
Package epstopdf-base Info: Redefining graphics rule for `.eps' on input line 4
85.

(C:\Users\EZE\AppData\Local\Programs\MiKTeX\tex/latex/00miktex\epstopdf-sys.cfg
File: epstopdf-sys.cfg 2021/03/18 v2.0 Configuration of epstopdf for MiKTeX
))
Package caption Info: Begin \AtBeginDocument code.
Package caption Info: hyperref package is loaded.
Package caption Info: listings package is loaded.
Package caption Info: longtable package is loaded.
 (C:\Users\EZE\AppData\Local\Programs\MiKTeX\tex/latex/caption\ltcaption.sty
Package: ltcaption 2021/01/08 v1.4c longtable captions (AR)
)
Package caption Info: End \AtBeginDocument code.
Package hyperref Info: Link coloring ON on input line 127.
(C:\Users\EZE\AppData\Local\Programs\MiKTeX\tex/latex/hyperref\nameref.sty
Package: nameref 2021-04-02 v2.47 Cross-referencing by name of section

(C:\Users\EZE\AppData\Local\Programs\MiKTeX\tex/latex/refcount\refcount.sty
Package: refcount 2019/12/15 v3.6 Data extraction from label references (HO)
)
(C:\Users\EZE\AppData\Local\Programs\MiKTeX\tex/generic/gettitlestring\gettitle
string.sty
Package: gettitlestring 2019/12/15 v1.6 Cleanup title references (HO)
)
\c@section@level=\count329
)
LaTeX Info: Redefining \ref on input line 127.
LaTeX Info: Redefining \pageref on input line 127.
LaTeX Info: Redefining \nameref on input line 127.
 (DSP2-Proyecto_final-Ezequiel_Cordoba.out)
(DSP2-Proyecto_final-Ezequiel_Cordoba.out)
\@outlinefile=\write3
\openout3 = `DSP2-Proyecto_final-Ezequiel_Cordoba.out'.


(C:\Users\EZE\AppData\Local\Programs\MiKTeX\tex/latex/pdflscape\pdflscape.sty
Package: pdflscape 2019/12/05 v0.12 Display of landscape pages in PDF (HO)

(C:\Users\EZE\AppData\Local\Programs\MiKTeX\tex/latex/graphics\lscape.sty
Package: lscape 2020/05/28 v3.02 Landscape Pages (DPC)
)
Package pdflscape Info: Auto-detected driver: pdftex on input line 81.
)
*geometry* driver: auto-detecting
*geometry* detected driver: pdftex
*geometry* verbose mode - [ preamble ] result:
* driver: pdftex
* paper: a4paper
* layout: <same size as paper>
* layoutoffset:(h,v)=(0.0pt,0.0pt)
* modes: 
* h-part:(L,W,R)=(56.9055pt, 483.69687pt, 56.9055pt)
* v-part:(T,H,B)=(56.9055pt, 731.23584pt, 56.9055pt)
* \paperwidth=597.50787pt
* \paperheight=845.04684pt
* \textwidth=483.69687pt
* \textheight=731.23584pt
* \oddsidemargin=-15.36449pt
* \evensidemargin=-15.36449pt
* \topmargin=-52.36449pt
* \headheight=12.0pt
* \headsep=25.0pt
* \topskip=11.0pt
* \footskip=30.0pt
* \marginparwidth=50.0pt
* \marginparsep=10.0pt
* \columnsep=10.0pt
* \skip\footins=10.0pt plus 4.0pt minus 2.0pt
* \hoffset=0.0pt
* \voffset=0.0pt
* \mag=1000
* \@twocolumnfalse
* \@twosidefalse
* \@mparswitchfalse
* \@reversemarginfalse
* (1in=72.27pt=25.4mm, 1cm=28.453pt)

\c@lstlisting=\count330
<imagenes/logounsl.png, id=87, 423.5825pt x 513.92pt>
File: imagenes/logounsl.png Graphic file (type png)
<use imagenes/logounsl.png>
Package pdftex.def Info: imagenes/logounsl.png  used on input line 133.
(pdftex.def)             Requested size: 56.9055pt x 69.039pt.
<imagenes/logo_depto.jpg, id=89, 539.76656pt x 538.26094pt>
File: imagenes/logo_depto.jpg Graphic file (type jpg)
<use imagenes/logo_depto.jpg>
Package pdftex.def Info: imagenes/logo_depto.jpg  used on input line 135.
(pdftex.def)             Requested size: 56.9055pt x 56.74492pt.
LaTeX Font Info:    Trying to load font information for U+msa on input line 177
.
(C:\Users\EZE\AppData\Local\Programs\MiKTeX\tex/latex/amsfonts\umsa.fd
File: umsa.fd 2013/01/14 v3.01 AMS symbols A
)
LaTeX Font Info:    Trying to load font information for U+msb on input line 177
.

(C:\Users\EZE\AppData\Local\Programs\MiKTeX\tex/latex/amsfonts\umsb.fd
File: umsb.fd 2013/01/14 v3.01 AMS symbols B
)
[1

{C:/Users/EZE/AppData/Local/MiKTeX/fonts/map/pdftex/pdftex.map} <./imagenes/log
ounsl.png> <./imagenes/logo_depto.jpg>]
(DSP2-Proyecto_final-Ezequiel_Cordoba.toc
LaTeX Info: Redefining \. on input line 1.
LaTeX Info: Redefining \% on input line 1.
)
\tf@toc=\write4
\openout4 = `DSP2-Proyecto_final-Ezequiel_Cordoba.toc'.



Package fancyhdr Warning: \headheight is too small (12.0pt): 
(fancyhdr)                Make it at least 13.59999pt, for example:
(fancyhdr)                \setlength{\headheight}{13.59999pt}.
(fancyhdr)                You might also make \topmargin smaller to compensate:

(fancyhdr)                \addtolength{\topmargin}{-1.59999pt}.


pdfTeX warning (ext4): destination with the same identifier (name{page.1}) has 
been already used, duplicate ignored
<to be read again> 
                   \relax 
l.181 	\newpage
                [1]
<imagenes/raspi_pinout.jpg, id=130, 1879.02pt x 1547.7825pt>
File: imagenes/raspi_pinout.jpg Graphic file (type jpg)
<use imagenes/raspi_pinout.jpg>
Package pdftex.def Info: imagenes/raspi_pinout.jpg  used on input line 195.
(pdftex.def)             Requested size: 483.69687pt x 398.42265pt.


Package fancyhdr Warning: \headheight is too small (12.0pt): 
(fancyhdr)                Make it at least 13.59999pt, for example:
(fancyhdr)                \setlength{\headheight}{13.59999pt}.
(fancyhdr)                You might also make \topmargin smaller to compensate:

(fancyhdr)                \addtolength{\topmargin}{-1.59999pt}.

[2 <./imagenes/raspi_pinout.jpg>]
<imagenes/raspi_cam.png, id=139, 197.98969pt x 150.5625pt>
File: imagenes/raspi_cam.png Graphic file (type png)
<use imagenes/raspi_cam.png>
Package pdftex.def Info: imagenes/raspi_cam.png  used on input line 206.
(pdftex.def)             Requested size: 193.47578pt x 147.1321pt.
<imagenes/raspi_cam2.png, id=140, 186.6975pt x 150.5625pt>
File: imagenes/raspi_cam2.png Graphic file (type png)
<use imagenes/raspi_cam2.png>
Package pdftex.def Info: imagenes/raspi_cam2.png  used on input line 213.
(pdftex.def)             Requested size: 241.84843pt x 195.04887pt.
<imagenes/driver_pinout.png, id=142, 770.88pt x 385.44pt>
File: imagenes/driver_pinout.png Graphic file (type png)
<use imagenes/driver_pinout.png>
Package pdftex.def Info: imagenes/driver_pinout.png  used on input line 227.
(pdftex.def)             Requested size: 483.69687pt x 241.8463pt.


Package fancyhdr Warning: \headheight is too small (12.0pt): 
(fancyhdr)                Make it at least 13.59999pt, for example:
(fancyhdr)                \setlength{\headheight}{13.59999pt}.
(fancyhdr)                You might also make \topmargin smaller to compensate:

(fancyhdr)                \addtolength{\topmargin}{-1.59999pt}.

[3 <./imagenes/raspi_cam.png> <./imagenes/raspi_cam2.png> <./imagenes/driver_pi
nout.png>]
<imagenes/fuente_reg2.jpg, id=157, 857.45343pt x 322.95656pt>
File: imagenes/fuente_reg2.jpg Graphic file (type jpg)
<use imagenes/fuente_reg2.jpg>
Package pdftex.def Info: imagenes/fuente_reg2.jpg  used on input line 239.
(pdftex.def)             Requested size: 483.69687pt x 182.18497pt.
<imagenes/lipo.png, id=159, 376.40625pt x 149.8097pt>
File: imagenes/lipo.png Graphic file (type png)
<use imagenes/lipo.png>
Package pdftex.def Info: imagenes/lipo.png  used on input line 250.
(pdftex.def)             Requested size: 338.58632pt x 134.76802pt.
<imagenes/battery_pack1.jpg, id=160, 2539.4875pt x 3577.365pt>
File: imagenes/battery_pack1.jpg Graphic file (type jpg)
<use imagenes/battery_pack1.jpg>
Package pdftex.def Info: imagenes/battery_pack1.jpg  used on input line 266.
(pdftex.def)             Requested size: 145.11053pt x 204.37045pt.
<imagenes/battery_pack2.jpg, id=161, 1626.075pt x 2401.47188pt>
File: imagenes/battery_pack2.jpg Graphic file (type jpg)
<use imagenes/battery_pack2.jpg>
Package pdftex.def Info: imagenes/battery_pack2.jpg  used on input line 273.
(pdftex.def)             Requested size: 145.11053pt x 214.29097pt.
<imagenes/battery_pack3.jpg, id=162, 934.49126pt x 2333.71875pt>
File: imagenes/battery_pack3.jpg Graphic file (type jpg)
<use imagenes/battery_pack3.jpg>
Package pdftex.def Info: imagenes/battery_pack3.jpg  used on input line 280.
(pdftex.def)             Requested size: 96.73788pt x 241.57576pt.


LaTeX Warning: `!h' float specifier changed to `!ht'.


Package fancyhdr Warning: \headheight is too small (12.0pt): 
(fancyhdr)                Make it at least 13.59999pt, for example:
(fancyhdr)                \setlength{\headheight}{13.59999pt}.
(fancyhdr)                You might also make \topmargin smaller to compensate:

(fancyhdr)                \addtolength{\topmargin}{-1.59999pt}.

[4 <./imagenes/fuente_reg2.jpg> <./imagenes/lipo.png>]
<imagenes/n6.jpg, id=173, 376.40625pt x 376.40625pt>
File: imagenes/n6.jpg Graphic file (type jpg)
<use imagenes/n6.jpg>
Package pdftex.def Info: imagenes/n6.jpg  used on input line 296.
(pdftex.def)             Requested size: 217.66211pt x 217.66675pt.
<imagenes/Motor1-.jpg, id=174, 88.83188pt x 301.125pt>
File: imagenes/Motor1-.jpg Graphic file (type jpg)
<use imagenes/Motor1-.jpg>
Package pdftex.def Info: imagenes/Motor1-.jpg  used on input line 307.
(pdftex.def)             Requested size: 67.151pt x 227.62204pt.
<imagenes/Motor2-.jpg, id=175, 176.91093pt x 301.125pt>
File: imagenes/Motor2-.jpg Graphic file (type jpg)
<use imagenes/Motor2-.jpg>
Package pdftex.def Info: imagenes/Motor2-.jpg  used on input line 314.
(pdftex.def)             Requested size: 133.73294pt x 227.62204pt.


LaTeX Warning: `!h' float specifier changed to `!ht'.

<imagenes/robot_frente.jpeg, id=176, 963.6pt x 1284.8pt>
File: imagenes/robot_frente.jpeg Graphic file (type jpg)
<use imagenes/robot_frente.jpeg>
Package pdftex.def Info: imagenes/robot_frente.jpeg  used on input line 332.
(pdftex.def)             Requested size: 193.47578pt x 257.95528pt.
<imagenes/robot_trasero.jpeg, id=177, 963.6pt x 1284.8pt>
File: imagenes/robot_trasero.jpeg Graphic file (type jpg)
<use imagenes/robot_trasero.jpeg>
Package pdftex.def Info: imagenes/robot_trasero.jpeg  used on input line 339.
(pdftex.def)             Requested size: 193.47578pt x 257.95528pt.

Package fancyhdr Warning: \headheight is too small (12.0pt): 
(fancyhdr)                Make it at least 13.59999pt, for example:
(fancyhdr)                \setlength{\headheight}{13.59999pt}.
(fancyhdr)                You might also make \topmargin smaller to compensate:

(fancyhdr)                \addtolength{\topmargin}{-1.59999pt}.

[5 <./imagenes/battery_pack1.jpg> <./imagenes/battery_pack2.jpg> <./imagenes/ba
ttery_pack3.jpg> <./imagenes/n6.jpg>]
<imagenes/robot_lateral.jpeg, id=185, 1284.8pt x 963.6pt>
File: imagenes/robot_lateral.jpeg Graphic file (type jpg)
<use imagenes/robot_lateral.jpeg>
Package pdftex.def Info: imagenes/robot_lateral.jpeg  used on input line 351.
(pdftex.def)             Requested size: 241.84843pt x 181.38031pt.


LaTeX Warning: `!h' float specifier changed to `!ht'.


Package fancyhdr Warning: \headheight is too small (12.0pt): 
(fancyhdr)                Make it at least 13.59999pt, for example:
(fancyhdr)                \setlength{\headheight}{13.59999pt}.
(fancyhdr)                You might also make \topmargin smaller to compensate:

(fancyhdr)                \addtolength{\topmargin}{-1.59999pt}.

[6 <./imagenes/Motor1-.jpg> <./imagenes/Motor2-.jpg> <./imagenes/robot_frente.j
peg> <./imagenes/robot_trasero.jpeg>]
<imagenes/captura_ruido.png, id=197, 448.67625pt x 374.14781pt>
File: imagenes/captura_ruido.png Graphic file (type png)
<use imagenes/captura_ruido.png>
Package pdftex.def Info: imagenes/captura_ruido.png  used on input line 386.
(pdftex.def)             Requested size: 227.3381pt x 189.57399pt.
<imagenes/captura_sin_ruido.png, id=198, 448.67625pt x 376.40625pt>
File: imagenes/captura_sin_ruido.png Graphic file (type png)
<use imagenes/captura_sin_ruido.png>
Package pdftex.def Info: imagenes/captura_sin_ruido.png  used on input line 392
.
(pdftex.def)             Requested size: 227.3381pt x 190.7183pt.


Package fancyhdr Warning: \headheight is too small (12.0pt): 
(fancyhdr)                Make it at least 13.59999pt, for example:
(fancyhdr)                \setlength{\headheight}{13.59999pt}.
(fancyhdr)                You might also make \topmargin smaller to compensate:

(fancyhdr)                \addtolength{\topmargin}{-1.59999pt}.

[7 <./imagenes/robot_lateral.jpeg>]
<imagenes/captura_bordes.png, id=208, 449.42906pt x 375.65344pt>
File: imagenes/captura_bordes.png Graphic file (type png)
<use imagenes/captura_bordes.png>
Package pdftex.def Info: imagenes/captura_bordes.png  used on input line 404.
(pdftex.def)             Requested size: 338.58632pt x 283.01761pt.


Package fancyhdr Warning: \headheight is too small (12.0pt): 
(fancyhdr)                Make it at least 13.59999pt, for example:
(fancyhdr)                \setlength{\headheight}{13.59999pt}.
(fancyhdr)                You might also make \topmargin smaller to compensate:

(fancyhdr)                \addtolength{\topmargin}{-1.59999pt}.

[8 <./imagenes/captura_ruido.png> <./imagenes/captura_sin_ruido.png> <./imagene
s/captura_bordes.png>]
<imagenes/90_izq.png, id=218, 450.18187pt x 375.65344pt>
File: imagenes/90_izq.png Graphic file (type png)
<use imagenes/90_izq.png>
Package pdftex.def Info: imagenes/90_izq.png  used on input line 424.
(pdftex.def)             Requested size: 227.3381pt x 189.7006pt.
<imagenes/90_der.png, id=219, 448.67625pt x 374.90062pt>
File: imagenes/90_der.png Graphic file (type png)
<use imagenes/90_der.png>
Package pdftex.def Info: imagenes/90_der.png  used on input line 430.
(pdftex.def)             Requested size: 227.3381pt x 189.95543pt.
<imagenes/seguidor_centro.png, id=220, 448.67625pt x 375.65344pt>
File: imagenes/seguidor_centro.png Graphic file (type png)
<use imagenes/seguidor_centro.png>
Package pdftex.def Info: imagenes/seguidor_centro.png  used on input line 448.
(pdftex.def)             Requested size: 217.66211pt x 182.23755pt.
<imagenes/seguidor_izq.png, id=221, 450.18187pt x 377.15906pt>
File: imagenes/seguidor_izq.png Graphic file (type png)
<use imagenes/seguidor_izq.png>
Package pdftex.def Info: imagenes/seguidor_izq.png  used on input line 454.
(pdftex.def)             Requested size: 217.66211pt x 182.35794pt.
<imagenes/seguidor_der.png, id=222, 450.18187pt x 376.40625pt>
File: imagenes/seguidor_der.png Graphic file (type png)
<use imagenes/seguidor_der.png>
Package pdftex.def Info: imagenes/seguidor_der.png  used on input line 460.
(pdftex.def)             Requested size: 217.66211pt x 181.99394pt.


LaTeX Warning: `!h' float specifier changed to `!ht'.


Package fancyhdr Warning: \headheight is too small (12.0pt): 
(fancyhdr)                Make it at least 13.59999pt, for example:
(fancyhdr)                \setlength{\headheight}{13.59999pt}.
(fancyhdr)                You might also make \topmargin smaller to compensate:

(fancyhdr)                \addtolength{\topmargin}{-1.59999pt}.

[9 <./imagenes/90_izq.png> <./imagenes/90_der.png>]
<imagenes/seguidor_pasado_izq1.png, id=230, 448.67625pt x 375.65344pt>
File: imagenes/seguidor_pasado_izq1.png Graphic file (type png)
<use imagenes/seguidor_pasado_izq1.png>
Package pdftex.def Info: imagenes/seguidor_pasado_izq1.png  used on input line 
475.
(pdftex.def)             Requested size: 217.66211pt x 182.23755pt.
<imagenes/seguidor_pasado_izq2.png, id=231, 448.67625pt x 376.40625pt>
File: imagenes/seguidor_pasado_izq2.png Graphic file (type png)
<use imagenes/seguidor_pasado_izq2.png>
Package pdftex.def Info: imagenes/seguidor_pasado_izq2.png  used on input line 
481.
(pdftex.def)             Requested size: 217.66211pt x 182.60275pt.


Package fancyhdr Warning: \headheight is too small (12.0pt): 
(fancyhdr)                Make it at least 13.59999pt, for example:
(fancyhdr)                \setlength{\headheight}{13.59999pt}.
(fancyhdr)                You might also make \topmargin smaller to compensate:

(fancyhdr)                \addtolength{\topmargin}{-1.59999pt}.

[10 <./imagenes/seguidor_centro.png> <./imagenes/seguidor_izq.png> <./imagenes/
seguidor_der.png> <./imagenes/seguidor_pasado_izq1.png> <./imagenes/seguidor_pa
sado_izq2.png>]
<imagenes/seguidor_pasado_der1.png, id=243, 448.67625pt x 375.65344pt>
File: imagenes/seguidor_pasado_der1.png Graphic file (type png)
<use imagenes/seguidor_pasado_der1.png>
Package pdftex.def Info: imagenes/seguidor_pasado_der1.png  used on input line 
494.
(pdftex.def)             Requested size: 217.66211pt x 182.23755pt.
<imagenes/seguidor_pasado_der2.png, id=244, 450.9347pt x 377.91188pt>
File: imagenes/seguidor_pasado_der2.png Graphic file (type png)
<use imagenes/seguidor_pasado_der2.png>
Package pdftex.def Info: imagenes/seguidor_pasado_der2.png  used on input line 
500.
(pdftex.def)             Requested size: 217.66211pt x 182.41629pt.
<imagenes/seguidor_brusco_izq1.png, id=245, 447.92343pt x 378.66469pt>
File: imagenes/seguidor_brusco_izq1.png Graphic file (type png)
<use imagenes/seguidor_brusco_izq1.png>
Package pdftex.def Info: imagenes/seguidor_brusco_izq1.png  used on input line 
513.
(pdftex.def)             Requested size: 217.66211pt x 184.00461pt.
<imagenes/seguidor_brusco_izq2.png, id=246, 448.67625pt x 377.15906pt>
File: imagenes/seguidor_brusco_izq2.png Graphic file (type png)
<use imagenes/seguidor_brusco_izq2.png>
Package pdftex.def Info: imagenes/seguidor_brusco_izq2.png  used on input line 
519.
(pdftex.def)             Requested size: 217.66211pt x 182.96796pt.
<imagenes/seguidor_brusco_der1.png, id=247, 449.42906pt x 377.15906pt>
File: imagenes/seguidor_brusco_der1.png Graphic file (type png)
<use imagenes/seguidor_brusco_der1.png>
Package pdftex.def Info: imagenes/seguidor_brusco_der1.png  used on input line 
530.
(pdftex.def)             Requested size: 217.66211pt x 182.66295pt.
<imagenes/seguidor_brusco_der2.png, id=248, 447.17062pt x 376.40625pt>
File: imagenes/seguidor_brusco_der2.png Graphic file (type png)
<use imagenes/seguidor_brusco_der2.png>
Package pdftex.def Info: imagenes/seguidor_brusco_der2.png  used on input line 
536.
(pdftex.def)             Requested size: 217.66211pt x 183.2173pt.


LaTeX Warning: `!h' float specifier changed to `!ht'.


Package fancyhdr Warning: \headheight is too small (12.0pt): 
(fancyhdr)                Make it at least 13.59999pt, for example:
(fancyhdr)                \setlength{\headheight}{13.59999pt}.
(fancyhdr)                You might also make \topmargin smaller to compensate:

(fancyhdr)                \addtolength{\topmargin}{-1.59999pt}.

[11 <./imagenes/seguidor_pasado_der1.png> <./imagenes/seguidor_pasado_der2.png>
 <./imagenes/seguidor_brusco_izq1.png> <./imagenes/seguidor_brusco_izq2.png>]
<imagenes/reglamento_intersec.png, id=260, 773.89125pt x 435.12563pt>
File: imagenes/reglamento_intersec.png Graphic file (type png)
<use imagenes/reglamento_intersec.png>
Package pdftex.def Info: imagenes/reglamento_intersec.png  used on input line 5
55.
(pdftex.def)             Requested size: 483.69687pt x 271.96613pt.
<imagenes/HSV_cone.jpg, id=261, 642.4pt x 481.8pt>
File: imagenes/HSV_cone.jpg Graphic file (type jpg)
<use imagenes/HSV_cone.jpg>
Package pdftex.def Info: imagenes/HSV_cone.jpg  used on input line 570.
(pdftex.def)             Requested size: 241.84843pt x 181.38766pt.


Package fancyhdr Warning: \headheight is too small (12.0pt): 
(fancyhdr)                Make it at least 13.59999pt, for example:
(fancyhdr)                \setlength{\headheight}{13.59999pt}.
(fancyhdr)                You might also make \topmargin smaller to compensate:

(fancyhdr)                \addtolength{\topmargin}{-1.59999pt}.

[12 <./imagenes/seguidor_brusco_der1.png> <./imagenes/seguidor_brusco_der2.png>
 <./imagenes/reglamento_intersec.png (PNG copy)>]
<imagenes/intersec_sin_cuad.png, id=273, 898.10532pt x 723.45282pt>
File: imagenes/intersec_sin_cuad.png Graphic file (type png)
<use imagenes/intersec_sin_cuad.png>
Package pdftex.def Info: imagenes/intersec_sin_cuad.png  used on input line 581
.
(pdftex.def)             Requested size: 386.95897pt x 311.70787pt.


Package fancyhdr Warning: \headheight is too small (12.0pt): 
(fancyhdr)                Make it at least 13.59999pt, for example:
(fancyhdr)                \setlength{\headheight}{13.59999pt}.
(fancyhdr)                You might also make \topmargin smaller to compensate:

(fancyhdr)                \addtolength{\topmargin}{-1.59999pt}.

[13 <./imagenes/HSV_cone.jpg> <./imagenes/intersec_sin_cuad.png (PNG copy)>]
<imagenes/intersec_izq.png, id=280, 901.11656pt x 724.20563pt>
File: imagenes/intersec_izq.png Graphic file (type png)
<use imagenes/intersec_izq.png>
Package pdftex.def Info: imagenes/intersec_izq.png  used on input line 592.
(pdftex.def)             Requested size: 386.95897pt x 310.99348pt.
<imagenes/intersec_der.png, id=281, 897.3525pt x 721.94719pt>
File: imagenes/intersec_der.png Graphic file (type png)
<use imagenes/intersec_der.png>
Package pdftex.def Info: imagenes/intersec_der.png  used on input line 601.
(pdftex.def)             Requested size: 386.95897pt x 311.31252pt.
<imagenes/intersec_der_izq.png, id=282, 898.10532pt x 721.19438pt>
File: imagenes/intersec_der_izq.png Graphic file (type png)
<use imagenes/intersec_der_izq.png>
Package pdftex.def Info: imagenes/intersec_der_izq.png  used on input line 610.

(pdftex.def)             Requested size: 386.95897pt x 310.7348pt.


Package fancyhdr Warning: \headheight is too small (12.0pt): 
(fancyhdr)                Make it at least 13.59999pt, for example:
(fancyhdr)                \setlength{\headheight}{13.59999pt}.
(fancyhdr)                You might also make \topmargin smaller to compensate:

(fancyhdr)                \addtolength{\topmargin}{-1.59999pt}.

[14 <./imagenes/intersec_izq.png (PNG copy)> <./imagenes/intersec_der.png (PNG 
copy)>]

Package fancyhdr Warning: \headheight is too small (12.0pt): 
(fancyhdr)                Make it at least 13.59999pt, for example:
(fancyhdr)                \setlength{\headheight}{13.59999pt}.
(fancyhdr)                You might also make \topmargin smaller to compensate:

(fancyhdr)                \addtolength{\topmargin}{-1.59999pt}.

[15 <./imagenes/intersec_der_izq.png (PNG copy)>]

Package fancyhdr Warning: \headheight is too small (12.0pt): 
(fancyhdr)                Make it at least 13.59999pt, for example:
(fancyhdr)                \setlength{\headheight}{13.59999pt}.
(fancyhdr)                You might also make \topmargin smaller to compensate:

(fancyhdr)                \addtolength{\topmargin}{-1.59999pt}.

[16]
LaTeX Font Info:    Font shape `OT1/cmtt/bx/n' in size <10.95> not available
(Font)              Font shape `OT1/cmtt/m/n' tried instead on input line 635.


Package fancyhdr Warning: \headheight is too small (12.0pt): 
(fancyhdr)                Make it at least 13.59999pt, for example:
(fancyhdr)                \setlength{\headheight}{13.59999pt}.
(fancyhdr)                You might also make \topmargin smaller to compensate:

(fancyhdr)                \addtolength{\topmargin}{-1.59999pt}.

[17]

Package fancyhdr Warning: \headheight is too small (12.0pt): 
(fancyhdr)                Make it at least 13.59999pt, for example:
(fancyhdr)                \setlength{\headheight}{13.59999pt}.
(fancyhdr)                You might also make \topmargin smaller to compensate:

(fancyhdr)                \addtolength{\topmargin}{-1.59999pt}.

[18]

Package fancyhdr Warning: \headheight is too small (12.0pt): 
(fancyhdr)                Make it at least 13.59999pt, for example:
(fancyhdr)                \setlength{\headheight}{13.59999pt}.
(fancyhdr)                You might also make \topmargin smaller to compensate:

(fancyhdr)                \addtolength{\topmargin}{-1.59999pt}.

[19]

Package fancyhdr Warning: \headheight is too small (12.0pt): 
(fancyhdr)                Make it at least 13.59999pt, for example:
(fancyhdr)                \setlength{\headheight}{13.59999pt}.
(fancyhdr)                You might also make \topmargin smaller to compensate:

(fancyhdr)                \addtolength{\topmargin}{-1.59999pt}.

[20]

Package fancyhdr Warning: \headheight is too small (12.0pt): 
(fancyhdr)                Make it at least 13.59999pt, for example:
(fancyhdr)                \setlength{\headheight}{13.59999pt}.
(fancyhdr)                You might also make \topmargin smaller to compensate:

(fancyhdr)                \addtolength{\topmargin}{-1.59999pt}.

[21]

Package fancyhdr Warning: \headheight is too small (12.0pt): 
(fancyhdr)                Make it at least 13.59999pt, for example:
(fancyhdr)                \setlength{\headheight}{13.59999pt}.
(fancyhdr)                You might also make \topmargin smaller to compensate:

(fancyhdr)                \addtolength{\topmargin}{-1.59999pt}.

[22]

Package fancyhdr Warning: \headheight is too small (12.0pt): 
(fancyhdr)                Make it at least 13.59999pt, for example:
(fancyhdr)                \setlength{\headheight}{13.59999pt}.
(fancyhdr)                You might also make \topmargin smaller to compensate:

(fancyhdr)                \addtolength{\topmargin}{-1.59999pt}.

[23]
Underfull \hbox (badness 10000) in paragraph at lines 970--971
[][][]\OT1/cmr/m/n/10.95 https://export.farnell.com/raspberry-pi/rpi-8mp-camera
-board/raspberry-pi-camera-board-
 []


Underfull \hbox (badness 10000) in paragraph at lines 982--983
[][][]\OT1/cmr/m/n/10.95 https://www.rc-flash.com.ar/MLA-623310634-bateria-liti
o-polimero-lipo-111v-2250mah-35c-
 []


Package fancyhdr Warning: \headheight is too small (12.0pt): 
(fancyhdr)                Make it at least 13.59999pt, for example:
(fancyhdr)                \setlength{\headheight}{13.59999pt}.
(fancyhdr)                You might also make \topmargin smaller to compensate:

(fancyhdr)                \addtolength{\topmargin}{-1.59999pt}.

[24] (DSP2-Proyecto_final-Ezequiel_Cordoba.aux
LaTeX Info: Redefining \. on input line 25.
LaTeX Info: Redefining \% on input line 25.
)

LaTeX Warning: There were multiply-defined labels.

Package rerunfilecheck Info: File `DSP2-Proyecto_final-Ezequiel_Cordoba.out' ha
s not changed.
(rerunfilecheck)             Checksum: AD2B7E3662944B6562D4BA70D7A10694;3138.
 ) 
Here is how much of TeX's memory you used:
 18670 strings out of 478552
 304519 string characters out of 2842882
 865074 words of memory out of 3000000
 36172 multiletter control sequences out of 15000+600000
 483017 words of font info for 79 fonts, out of 8000000 for 9000
 1141 hyphenation exceptions out of 8191
 60i,12n,63p,934b,1862s stack positions out of 10000i,1000n,20000p,200000b,80000s
 <C:\Users\EZE\AppData\Local\MiKTeX\fonts/pk/ljfour/jknappen/ec/dpi600\tcrm10
95.pk><C:/Users/EZE/AppData/Local/Programs/MiKTeX/fonts/type1/public/amsfonts/c
m/cmbx10.pfb><C:/Users/EZE/AppData/Local/Programs/MiKTeX/fonts/type1/public/ams
fonts/cm/cmbx12.pfb><C:/Users/EZE/AppData/Local/Programs/MiKTeX/fonts/type1/pub
lic/amsfonts/cm/cmbx9.pfb><C:/Users/EZE/AppData/Local/Programs/MiKTeX/fonts/typ
e1/public/amsfonts/cm/cmbxti10.pfb><C:/Users/EZE/AppData/Local/Programs/MiKTeX/
fonts/type1/public/amsfonts/cm/cmcsc10.pfb><C:/Users/EZE/AppData/Local/Programs
/MiKTeX/fonts/type1/public/amsfonts/cm/cmmi12.pfb><C:/Users/EZE/AppData/Local/P
rograms/MiKTeX/fonts/type1/public/amsfonts/cm/cmr10.pfb><C:/Users/EZE/AppData/L
ocal/Programs/MiKTeX/fonts/type1/public/amsfonts/cm/cmr12.pfb><C:/Users/EZE/App
Data/Local/Programs/MiKTeX/fonts/type1/public/amsfonts/cm/cmr17.pfb><C:/Users/E
ZE/AppData/Local/Programs/MiKTeX/fonts/type1/public/amsfonts/cm/cmr6.pfb><C:/Us
ers/EZE/AppData/Local/Programs/MiKTeX/fonts/type1/public/amsfonts/cm/cmr9.pfb><
C:/Users/EZE/AppData/Local/Programs/MiKTeX/fonts/type1/public/amsfonts/cm/cmsy1
0.pfb><C:/Users/EZE/AppData/Local/Programs/MiKTeX/fonts/type1/public/amsfonts/c
m/cmtt10.pfb>
Output written on DSP2-Proyecto_final-Ezequiel_Cordoba.pdf (25 pages, 13109100 
bytes).
PDF statistics:
 811 PDF objects out of 1000 (max. 8388607)
 401 named destinations out of 1000 (max. 500000)
 364 words of extra memory for PDF output out of 10000 (max. 10000000)

