\BOOKMARK [1][-]{section.1}{\376\377\000I\000n\000t\000r\000o\000d\000u\000c\000c\000i\000\363\000n}{}% 1
\BOOKMARK [1][-]{section.2}{\376\377\000D\000e\000s\000a\000r\000r\000o\000l\000l\000o}{}% 2
\BOOKMARK [2][-]{subsection.2.1}{\376\377\000C\000o\000m\000p\000o\000n\000e\000n\000t\000e\000s}{section.2}% 3
\BOOKMARK [3][-]{subsubsection.2.1.1}{\376\377\000R\000a\000s\000p\000b\000e\000r\000r\000y\000\040\000P\000i\000\040\0003\000B}{subsection.2.1}% 4
\BOOKMARK [3][-]{subsubsection.2.1.2}{\376\377\000R\000a\000s\000p\000b\000e\000r\000r\000y\000\040\000P\000i\000\040\000C\000a\000m\000e\000r\000a\000\040\000V\0002}{subsection.2.1}% 5
\BOOKMARK [3][-]{subsubsection.2.1.3}{\376\377\000D\000r\000i\000v\000e\000r\000\040\000d\000e\000\040\000m\000o\000t\000o\000r\000e\000s}{subsection.2.1}% 6
\BOOKMARK [3][-]{subsubsection.2.1.4}{\376\377\000F\000u\000e\000n\000t\000e\000\040\000r\000e\000g\000u\000l\000a\000d\000o\000r\000a\000\040\000d\000e\000\040\000t\000e\000n\000s\000i\000\363\000n}{subsection.2.1}% 7
\BOOKMARK [3][-]{subsubsection.2.1.5}{\376\377\000F\000u\000e\000n\000t\000e\000s\000\040\000d\000e\000\040\000e\000n\000e\000r\000g\000\355\000a}{subsection.2.1}% 8
\BOOKMARK [3][-]{subsubsection.2.1.6}{\376\377\000M\000o\000t\000o\000r\000e\000s\000\040\000y\000\040\000c\000a\000r\000c\000a\000s\000a}{subsection.2.1}% 9
\BOOKMARK [2][-]{subsection.2.2}{\376\377\000R\000o\000b\000o\000t\000\040\000c\000o\000m\000p\000l\000e\000t\000o}{section.2}% 10
\BOOKMARK [2][-]{subsection.2.3}{\376\377\000P\000r\000o\000g\000r\000a\000m\000a\000c\000i\000\363\000n}{section.2}% 11
\BOOKMARK [3][-]{subsubsection.2.3.1}{\376\377\000c\000a\000p\000t\000u\000r\000a\000\050\000\051}{subsection.2.3}% 12
\BOOKMARK [3][-]{subsubsection.2.3.2}{\376\377\000c\000u\000r\000v\000a\000s\000\137\0009\0000\000\050\000\051}{subsection.2.3}% 13
\BOOKMARK [3][-]{subsubsection.2.3.3}{\376\377\000s\000e\000g\000u\000i\000d\000o\000r\000\137\000l\000i\000n\000e\000a\000s\000\050\000\051}{subsection.2.3}% 14
\BOOKMARK [3][-]{subsubsection.2.3.4}{\376\377\000m\000o\000t\000o\000r\000e\000s\000\050\000i\000z\000q\000,\000d\000e\000r\000\051}{subsection.2.3}% 15
\BOOKMARK [3][-]{subsubsection.2.3.5}{\376\377\000i\000n\000t\000e\000r\000s\000e\000c\000c\000i\000o\000n\000\050\000\051}{subsection.2.3}% 16
\BOOKMARK [2][-]{subsection.2.4}{\376\377\000F\000u\000n\000c\000i\000o\000n\000a\000m\000i\000e\000n\000t\000o}{section.2}% 17
\BOOKMARK [1][-]{section.3}{\376\377\000C\000o\000n\000c\000l\000u\000s\000i\000\363\000n}{}% 18
\BOOKMARK [1][-]{appendix.Alph1}{\376\377\000A\000n\000e\000x\000o}{}% 19
\BOOKMARK [2][-]{subsection.Alph1.1}{\376\377\000C\000\363\000d\000i\000g\000o\000\040\000s\000e\000g\000u\000i\000d\000o\000r\000\040\000d\000e\000\040\000l\000\355\000n\000e\000a\000\040\000y\000\040\000r\000e\000c\000t\000a\000s\000\040\000d\000e\000\040\0009\0000\000\040\000g\000r\000a\000d\000o\000s}{appendix.Alph1}% 20
\BOOKMARK [2][-]{subsection.Alph1.2}{\376\377\000D\000e\000t\000e\000c\000t\000o\000r\000\040\000d\000e\000\040\000i\000n\000t\000e\000r\000s\000e\000c\000c\000i\000o\000n\000e\000s}{appendix.Alph1}% 21
